<?xml version="1.0" encoding="UTF-8"?>
<!-- Generated by org.testng.reporters.JUnitReportReporter -->
<testsuite hostname="DESKTOP-BULAH5N" name="falcon.runners.RunnerClass" tests="1" failures="0" timestamp="21 Sep 2024 20:57:20 GMT" time="131.042" errors="0">
  <testcase name="feature" time="131.042" classname="falcon.runners.RunnerClass"/>
</testsuite> <!-- falcon.runners.RunnerClass -->
